0 info it worked if it ends with ok
1 verbose cli [ 'C:\\Program Files\\nodejs\\node.exe',
1 verbose cli   'C:\\Users\\Arthur Chang\\AppData\\Roaming\\npm\\node_modules\\npm\\bin\\npm-cli.js',
1 verbose cli   'start' ]
2 info using npm@3.10.6
3 info using node@v6.3.0
4 verbose run-script [ 'prestart', 'start', 'poststart' ]
5 info lifecycle sheng_2016@1.0.0~prestart: sheng_2016@1.0.0
6 silly lifecycle sheng_2016@1.0.0~prestart: no script for prestart, continuing
7 info lifecycle sheng_2016@1.0.0~start: sheng_2016@1.0.0
8 verbose lifecycle sheng_2016@1.0.0~start: unsafe-perm in lifecycle true
9 verbose lifecycle sheng_2016@1.0.0~start: PATH: C:\Users\Arthur Chang\AppData\Roaming\npm\node_modules\npm\bin\node-gyp-bin;c:\Users\Arthur Chang\Desktop\React-Redux-Practice\node_modules\.bin;C:\Program Files (x86)\MSBuild\14.0\Bin;C:\Program Files\Microsoft MPI\Bin\;C:\ProgramData\Oracle\Java\javapath;C:\Program Files (x86)\Intel\iCLS Client\;C:\Program Files\Intel\iCLS Client\;C:\Program Files\Common Files\Microsoft Shared\Windows Live;C:\Program Files (x86)\Common Files\Microsoft Shared\Windows Live;C:\windows\system32;C:\windows;C:\windows\System32\Wbem;C:\windows\System32\WindowsPowerShell\v1.0\;C:\Program Files (x86)\Windows Live\Shared;C:\Program Files\Intel\Intel(R) Management Engine Components\DAL;C:\Program Files (x86)\Intel\Intel(R) Management Engine Components\DAL;C:\Program Files\Intel\Intel(R) Management Engine Components\IPT;C:\Program Files (x86)\Intel\Intel(R) Management Engine Components\IPT;C:\Program Files\Microsoft SQL Server\110\Tools\Binn\;C:\Program Files\Microsoft SQL Server\120\Tools\Binn\;C:\Program Files\Microsoft\Web Platform Installer\;C:\ProgramData\chocolatey\bin;C:\Program Files\Redis;C:\Program Files\nodejs;C:\WINDOWS\system32;C:\WINDOWS;C:\WINDOWS\System32\Wbem;C:\WINDOWS\System32\WindowsPowerShell\v1.0\;C:\Program Files (x86)\Skype\Phone\;C:\Program Files (x86)\GitExtensions\;C:\Program Files\Microsoft SQL Server\130\Tools\Binn\;C:\Program Files\Windows Fabric\bin\Fabric\Fabric.Code.1.0;C:\Program Files (x86)\Microsoft SQL Server\120\DTS\Binn\;C:\Windows\Microsoft.NET\Framework\v4.0.30319;C:\Program Files (x86)\Microsoft SQL Server\110\DTS\Binn\;C:\Program Files (x86)\Microsoft SQL Server\130\DTS\Binn\;C:\Program Files (x86)\Windows Kits\10\Windows Performance Toolkit\;C:\Program Files (x86)\Microsoft Emulator Manager\1.0\;C:\Program Files\dotnet\;C:\Program Files (x86)\Microsoft SQL Server\130\Tools\Binn\;C:\Program Files\Microsoft SQL Server\130\DTS\Binn\;C:\Program Files\Microsoft SQL Server\Client SDK\ODBC\130\Tools\Binn\;C:\Program Files (x86)\Microsoft SQL Server\Client SDK\ODBC\130\Tools\Binn\;C:\Program Files (x86)\Microsoft SQL Server\130\Tools\Binn\ManagementStudio\;C:\Program Files\Git\cmd;C:\Python27\;C:\Users\Arthur Chang\.dnx\runtimes\dnx-clr-win-x86.1.0.0-rc1-update2\bin;C:\.dnx\runtimes\dnx-clr-win-x86.1.0.0-beta4\bin;C:\.dnx\bin;PHANTOMJS_CDNURL=http://cnpmjs.org/downloads npm install phantomjs;C:\Program Files\MariaDB 10.0\bin;C:\Program Files (x86)\Git\bin;C:\Program Files\Redis;C:\Program Files\nodejs;E:\Microsoft VS Code\bin;C:\mongodb3.0\bin;C:\Windows\Microsoft.NET\Framework\v4.0.30319;C:\Users\Arthur Chang\AppData\Roaming\npm;C:\Python27;C:\Program Files (x86)\GTK2-Runtime\bin;C:\Program Files (x86)\MSBuild\14.0\Bin
10 verbose lifecycle sheng_2016@1.0.0~start: CWD: c:\Users\Arthur Chang\Desktop\React-Redux-Practice
11 silly lifecycle sheng_2016@1.0.0~start: Args: [ '/d /s /c',
11 silly lifecycle   'node ./node_modules/concurrently/src/main.js --kill-others "npm run server" "npm run build"' ]
12 silly lifecycle sheng_2016@1.0.0~start: Returned: code: 1  signal: null
13 info lifecycle sheng_2016@1.0.0~start: Failed to exec start script
14 verbose stack Error: sheng_2016@1.0.0 start: `node ./node_modules/concurrently/src/main.js --kill-others "npm run server" "npm run build"`
14 verbose stack Exit status 1
14 verbose stack     at EventEmitter.<anonymous> (C:\Users\Arthur Chang\AppData\Roaming\npm\node_modules\npm\lib\utils\lifecycle.js:255:16)
14 verbose stack     at emitTwo (events.js:106:13)
14 verbose stack     at EventEmitter.emit (events.js:191:7)
14 verbose stack     at ChildProcess.<anonymous> (C:\Users\Arthur Chang\AppData\Roaming\npm\node_modules\npm\lib\utils\spawn.js:40:14)
14 verbose stack     at emitTwo (events.js:106:13)
14 verbose stack     at ChildProcess.emit (events.js:191:7)
14 verbose stack     at maybeClose (internal/child_process.js:852:16)
14 verbose stack     at Process.ChildProcess._handle.onexit (internal/child_process.js:215:5)
15 verbose pkgid sheng_2016@1.0.0
16 verbose cwd c:\Users\Arthur Chang\Desktop\React-Redux-Practice
17 error Windows_NT 10.0.10586
18 error argv "C:\\Program Files\\nodejs\\node.exe" "C:\\Users\\Arthur Chang\\AppData\\Roaming\\npm\\node_modules\\npm\\bin\\npm-cli.js" "start"
19 error node v6.3.0
20 error npm  v3.10.6
21 error code ELIFECYCLE
22 error sheng_2016@1.0.0 start: `node ./node_modules/concurrently/src/main.js --kill-others "npm run server" "npm run build"`
22 error Exit status 1
23 error Failed at the sheng_2016@1.0.0 start script 'node ./node_modules/concurrently/src/main.js --kill-others "npm run server" "npm run build"'.
23 error Make sure you have the latest version of node.js and npm installed.
23 error If you do, this is most likely a problem with the sheng_2016 package,
23 error not with npm itself.
23 error Tell the author that this fails on your system:
23 error     node ./node_modules/concurrently/src/main.js --kill-others "npm run server" "npm run build"
23 error You can get information on how to open an issue for this project with:
23 error     npm bugs sheng_2016
23 error Or if that isn't available, you can get their info via:
23 error     npm owner ls sheng_2016
23 error There is likely additional logging output above.
24 verbose exit [ 1, true ]
